* using log directory ‘/home/daniel/Documents/Academicos/Harmon_Lab/Projects/MECCA_Qualitative/Version_6.x/MeccaDiscrete.Rcheck’
* using R version 2.15.2 (2012-10-26)
* using platform: i686-pc-linux-gnu (32-bit)
* using session charset: UTF-8
* checking for file ‘MeccaDiscrete/DESCRIPTION’ ... OK
* checking extension type ... Package
* this is package ‘MeccaDiscrete’ version ‘6.1’
* checking package namespace information ... OK
* checking package dependencies ... OK
* checking if this is a source package ... OK
* checking if there is a namespace ... OK
* checking for executable files ... OK
* checking whether package ‘MeccaDiscrete’ can be installed ... OK
* checking installed package size ... OK
* checking package directory ... OK
* checking for portable file names ... OK
* checking for sufficient/correct file permissions ... OK
* checking DESCRIPTION meta-information ... WARNING
Non-standard license specification:
  What license is it under?
Standardizable: FALSE
* checking top-level files ... OK
* checking for left-over files ... OK
* checking index information ... OK
* checking package subdirectories ... OK
* checking R files for non-ASCII characters ... OK
* checking R files for syntax errors ... OK
* checking whether the package can be loaded ... OK
* checking whether the package can be loaded with stated dependencies ... OK
* checking whether the package can be unloaded cleanly ... OK
* checking whether the namespace can be loaded with stated dependencies ... OK
* checking whether the namespace can be unloaded cleanly ... OK
* checking loading without being on the library search path ... OK
* checking for unstated dependencies in R code ... OK
* checking S3 generic/method consistency ... OK
* checking replacement functions ... OK
* checking foreign function calls ... OK
* checking R code for possible problems ... OK
* checking for missing documentation entries ... WARNING
Undocumented code objects:
  ‘MatrixExp.eig’ ‘MatrixExp.simple’ ‘acceptance’ ‘addMissingTaxa’
  ‘calibrateDiscreteABC’ ‘cladeAge’ ‘collapseTreeForMECCA’
  ‘discreteMeccaStartValues’ ‘evenQ’ ‘extractpls’ ‘fitDiscrete’
  ‘fitDiscretePolyShortcut’ ‘fitDiversification’ ‘fitSplitModel’
  ‘frag.like’ ‘getBdWaitTimes’ ‘getDivMLE’ ‘getDiversificationModel’
  ‘getFullSplitModel’ ‘getProposal’ ‘getQ’ ‘getRateCats’
  ‘hasZeroLengthTips’ ‘inspectCalOut’ ‘likelihoodDiscrete’
  ‘likelihoodDiscretePolyShortcut’ ‘logLP’ ‘logLT’ ‘logspace_add’
  ‘logspace_sum’ ‘mcmcABC’ ‘noTreeSimFast’ ‘plotDiversificationSurface’
  ‘pruneBL’ ‘pruneYuleStem’ ‘pruneZeroStem’ ‘resplitEdgeMatrixGeiger’
  ‘runDiscreteMECCA’ ‘runMedusa’ ‘sim.char’ ‘simBranchingDiscrete’
  ‘simDiscreteIncompleteTree’ ‘simpleABC’ ‘splitEdgeMatrixGeiger’
  ‘summaryMedusa’
All user-level objects in a package should have documentation entries.
See the chapter ‘Writing R documentation files’ in the ‘Writing R
Extensions’ manual.
* checking line endings in C/C++/Fortran sources/headers ... OK
* checking line endings in Makefiles ... OK
* checking for portable use of $(BLAS_LIBS) and $(LAPACK_LIBS) ... OK
* checking compiled code ... OK
* checking examples ... NONE
* checking PDF version of manual ... WARNING
LaTeX errors when creating PDF version.
This typically indicates Rd problems.
* checking PDF version of manual without hyperrefs or index ... ERROR
